<?xml version="1.0" encoding="UTF-8"?>
<!-- Generated by org.testng.reporters.JUnitXMLReporter -->
<testsuite ignored="0" hostname="ROUGUI" failures="0" tests="3" name="Test" time="102.23" errors="0" timestamp="05 janv. 2022 23:07:47 GMT">
  <testcase classname="com.test.technique.selenium.testCase.ExerciceTestCase" name="accueil" time="4.87"/>
  <testcase classname="com.test.technique.selenium.testCase.ExerciceTestCase" name="exercice_1" time="48.878"/>
  <testcase classname="com.test.technique.selenium.testCase.ExerciceTestCase" name="exercice_2" time="18.081"/>
</testsuite> <!-- Test -->
